<?xml version="1.0" encoding="UTF-8"?>
<testng-results ignored="0" total="2" passed="2" failed="0" skipped="0">
  <reporter-output>
  </reporter-output>
  <suite started-at="2023-08-20T14:29:30 IST" name="Default suite" finished-at="2023-08-20T14:29:40 IST" duration-ms="9026">
    <groups>
    </groups>
    <test started-at="2023-08-20T14:29:30 IST" name="Default test" finished-at="2023-08-20T14:29:40 IST" duration-ms="9026">
      <class name="com.intertrust.Homepage">
        <test-method is-config="true" signature="sample()[pri:0, instance:com.intertrust.Homepage@77b9d0c7]" started-at="2023-08-20T14:29:30 IST" name="sample" finished-at="2023-08-20T14:29:36 IST" duration-ms="5524" status="PASS">
          <reporter-output>
          </reporter-output>
        </test-method> <!-- sample -->
        <test-method signature="launchhome()[pri:1, instance:com.intertrust.Homepage@77b9d0c7]" started-at="2023-08-20T14:29:36 IST" name="launchhome" finished-at="2023-08-20T14:29:39 IST" duration-ms="2987" status="PASS">
          <reporter-output>
          </reporter-output>
        </test-method> <!-- launchhome -->
        <test-method signature="driverclose()[pri:2, instance:com.intertrust.Homepage@77b9d0c7]" started-at="2023-08-20T14:29:39 IST" name="driverclose" finished-at="2023-08-20T14:29:39 IST" duration-ms="418" status="PASS">
          <reporter-output>
          </reporter-output>
        </test-method> <!-- driverclose -->
      </class> <!-- com.intertrust.Homepage -->
    </test> <!-- Default test -->
  </suite> <!-- Default suite -->
</testng-results>
